2021-10-08 11:44:36,575 INFO org.hibernate.engine.transaction.jta.platform.internal.JtaPlatformInitiator [main] HHH000490: Using JtaPlatform implementation: [org.hibernate.engine.transaction.jta.platform.internal.NoJtaPlatform]
2021-10-08 11:44:36,590 INFO org.springframework.orm.jpa.AbstractEntityManagerFactoryBean [main] Initialized JPA EntityManagerFactory for persistence unit 'default'
2021-10-08 11:44:37,548 WARN org.springframework.boot.autoconfigure.orm.jpa.JpaBaseConfiguration$JpaWebConfiguration [main] spring.jpa.open-in-view is enabled by default. Therefore, database queries may be performed during view rendering. Explicitly configure spring.jpa.open-in-view to disable this warning
2021-10-08 11:44:38,070 INFO org.apache.juli.logging.DirectJDKLog [main] Starting ProtocolHandler ["http-nio-9081"]
2021-10-08 11:44:38,101 INFO org.springframework.boot.web.embedded.tomcat.TomcatWebServer [main] Tomcat started on port(s): 9081 (http) with context path '/api/v2/universidad'
2021-10-08 11:44:38,117 INFO org.springframework.boot.StartupInfoLogger [main] Started UniversidadBackendApplication in 7.574 seconds (JVM running for 8.299)
2021-10-08 11:45:03,067 INFO org.apache.juli.logging.DirectJDKLog [http-nio-9081-exec-2] Initializing Spring DispatcherServlet 'dispatcherServlet'
2021-10-08 11:45:03,067 INFO org.springframework.web.servlet.FrameworkServlet [http-nio-9081-exec-2] Initializing Servlet 'dispatcherServlet'
2021-10-08 11:45:03,071 INFO org.springframework.web.servlet.FrameworkServlet [http-nio-9081-exec-2] Completed initialization in 3 ms
2021-10-08 11:45:03,119 INFO com.novando.springsimplespasos.universidadbackend.controlador.PrimerRestController [http-nio-9081-exec-2] info log
2021-10-08 11:45:03,120 WARN com.novando.springsimplespasos.universidadbackend.controlador.PrimerRestController [http-nio-9081-exec-2] warn log
2021-10-08 11:45:03,121 WARN com.novando.springsimplespasos.universidadbackend.controlador.PrimerRestController [http-nio-9081-exec-2] error log
2021-10-08 11:45:03,832 INFO com.novando.springsimplespasos.universidadbackend.controlador.PrimerRestController [http-nio-9081-exec-3] info log
2021-10-08 11:45:03,833 WARN com.novando.springsimplespasos.universidadbackend.controlador.PrimerRestController [http-nio-9081-exec-3] warn log
2021-10-08 11:45:03,833 WARN com.novando.springsimplespasos.universidadbackend.controlador.PrimerRestController [http-nio-9081-exec-3] error log
2021-10-08 11:45:04,382 INFO com.novando.springsimplespasos.universidadbackend.controlador.PrimerRestController [http-nio-9081-exec-4] info log
2021-10-08 11:45:04,382 WARN com.novando.springsimplespasos.universidadbackend.controlador.PrimerRestController [http-nio-9081-exec-4] warn log
2021-10-08 11:45:04,382 WARN com.novando.springsimplespasos.universidadbackend.controlador.PrimerRestController [http-nio-9081-exec-4] error log
2021-10-08 11:45:04,750 INFO com.novando.springsimplespasos.universidadbackend.controlador.PrimerRestController [http-nio-9081-exec-5] info log
2021-10-08 11:45:04,751 WARN com.novando.springsimplespasos.universidadbackend.controlador.PrimerRestController [http-nio-9081-exec-5] warn log
2021-10-08 11:45:04,751 WARN com.novando.springsimplespasos.universidadbackend.controlador.PrimerRestController [http-nio-9081-exec-5] error log
2021-10-08 11:45:07,894 INFO com.novando.springsimplespasos.universidadbackend.controlador.PrimerRestController [http-nio-9081-exec-6] info log
2021-10-08 11:45:07,895 WARN com.novando.springsimplespasos.universidadbackend.controlador.PrimerRestController [http-nio-9081-exec-6] warn log
2021-10-08 11:45:07,895 WARN com.novando.springsimplespasos.universidadbackend.controlador.PrimerRestController [http-nio-9081-exec-6] error log
